********************************************************************************
PACKAGE-LOG: 2015-05-17 03:34:48
NOTICE: Do NOT post to public sites or forums 
********************************************************************************
VERSION:	0.5.2
WORDPRESS:	3.8.3
PHP INFO:	5.4.13 | SAPI: apache2handler
SERVER:		Apache 
PHP TIME LIMIT: (0) no time limit imposed 
PHP MAX MEMORY: 5000M (128M default) 

********************************************************************************
DATABASE:
********************************************************************************
BUILD MODE:   PHP
MYSQLDUMP:    Not Supported
MYSQLTIMEOUT: 5000 
TABLES: total:24 | filtered:0 | create:24 
FILTERED: [] 
wp_commentmeta (258) 
wp_comments (59) 
wp_duplicator_packages (2) 
wp_links (0) 
wp_options (442) 
wp_postmeta (873) 
wp_posts (186) 
wp_revslider_css (54) 
wp_revslider_layer_animations (0) 
wp_revslider_settings (0) 
wp_revslider_sliders (3) 
wp_revslider_slides (6) 
wp_term_relationships (27) 
wp_term_taxonomy (19) 
wp_terms (19) 
wp_usermeta (970) 
wp_users (60) 
wp_woocommerce_attribute_taxonomies (0) 
wp_woocommerce_downloadable_product_permissions (0) 
wp_woocommerce_order_itemmeta (159) 
wp_woocommerce_order_items (28) 
wp_woocommerce_tax_rate_locations (0) 
wp_woocommerce_tax_rates (0) 
wp_woocommerce_termmeta (3) 
SQL CREATED: 20141116_sweetbabylilly_55580c580eedc2978150517033448_database.sql 
SQL FILE SIZE: 1.3MB 
SQL RUNTIME: 0.19 sec. 

******************************************************************************** 
ARCHIVE (ZIP): 
******************************************************************************** 
ARCHIVE DIR:  /var/www/vhosts/showmyadventure.com/sweetbabylilly 
ARCHIVE FILE: 20141116_sweetbabylilly_55580c580eedc2978150517033448_archive.zip 
FILTER DIRS:   
FILTER EXTS:   
---------------------------------------- 
SCANNING 
FILTERS *OFF* 
STATS:	Dirs 406 | Files 3683 | Links 0 
SIZE:	141.18MB 
TIME:	1.55 sec. 
---------------------------------------- 
COMPRESSING 
SQL ADDED: 20141116_sweetbabylilly_55580c580eedc2978150517033448_database.sql 
ZipArchive Object
(
    [status] => 0
    [statusSys] => 0
    [numFiles] => 4090
    [filename] => /var/www/vhosts/showmyadventure.com/sweetbabylilly/wp-snapshots/tmp/20141116_sweetbabylilly_55580c580eedc2978150517033448_archive.zip
    [comment] => 
)
 
COMPRESSION RESULT: '1' 
COMPRESSED SIZE: 94.12MB 
ARCHIVE RUNTIME: 23.55 sec. 

******************************************************************************** 
INSTALLER: 
******************************************************************************** 
INSTALLER FILE: Build Start 
INSTALLER FILE: Build Finished 
INSTALLER FILE: Preping for use 
INSTALLER FILE: Template parsed with new data 
INSTALLER FILE: Complete [/var/www/vhosts/showmyadventure.com/sweetbabylilly/wp-snapshots/tmp/20141116_sweetbabylilly_55580c580eedc2978150517033448_installer.php] 

********************************************************************************
RECORD ID:[2]
FILE SIZE: Archive:94.12MB | SQL:1.3MB | Installer:408.56KB
TOTAL PROCESS RUNTIME: 23.81 sec.
DONE PROCESSING => 20141116_sweetbabylilly 2015-05-17 03:35:11
********************************************************************************
 
